
==================================================
  カブさん起動  2026-04-20 15:35
==================================================

【Step1】データ取得中...
  取得中: 5016.T ... 61件保存
  取得中: 5803.T ... 61件保存
  取得中: 7011.T ... 61件保存
  取得中: 9984.T ... 61件保存
  取得中: 6758.T ... 61件保存
  取得中: 7203.T ... 61件保存
  取得中: 8306.T ... 61件保存
  取得中: 4062.T ... 61件保存
  取得中: 7974.T ... 61件保存
  取得中: 5801.T ... 61件保存

【Step2/3】ルール・パターン分析中...
  JX金属（5016.T）: 判定なし
  フジクラ（5803.T）: 買い推奨
  三菱重工業（7011.T）: 買い推奨
  ソフトバンクG（9984.T）: 判定なし
  ソニーグループ（6758.T）: 買い推奨
  トヨタ自動車（7203.T）: 買い推奨
  三菱UFJ（8306.T）: 買い推奨
  イビデン（4062.T）: 買い推奨
  任天堂（7974.T）: 売り・空売り推奨
  古河電工（5801.T）: 買い推奨

【Step4】レポート生成中...

============================================================
  カブさん 日次レポート  2026年04月20日  15:35
============================================================

社長！本日の大引け報告です。

【買い推奨銘柄】
  ▲ フジクラ（5803.T）
      ルール5: 陰線（始値5903→終値5762）
  ▲ 三菱重工業（7011.T）
      ルール5: 陰線（始値4509→終値4371）
  ▲ ソニーグループ（6758.T）
      ルール5: 陰線（始値3414→終値3395）
  ▲ トヨタ自動車（7203.T）
      ルール5: 陰線（始値3400→終値3343）
  ▲ 三菱UFJ（8306.T）
      ルール5: 陰線（始値2920→終値2870）
  ▲ イビデン（4062.T）
      ルール5: 陰線（始値9468→終値9235）
  ▲ 古河電工（5801.T）
      ルール5: 陰線（始値45910→終値44960）

【売り・空売り推奨銘柄】
  ▼ 任天堂（7974.T）
      ルール2: 始値が前日終値比+3.2%（しきい値+2.0%以上）
      ルール5: 陽線（始値8589→終値8615）

【検出パターン一覧】
  JX金属: 明けの明星（Morning Star）（BUY）
  任天堂: 赤三兵（Three White Soldiers）（BUY）

============================================================
以上、カブさんからのご報告でした。
本日もお疲れ様でございます、社長！
============================================================

レポート保存先: /Users/yonetomo/ai-secretary/kabu/reports/report_20260420_1535.txt

【Step5】Gmail送信中...
メール送信完了 → g.kamifor@gmail.com

==================================================
  カブさん起動  2026-04-21 15:36
==================================================

【Step1】データ取得中...
  取得中: 5016.T ... 62件保存
  取得中: 5803.T ... 62件保存
  取得中: 7011.T ... 62件保存
  取得中: 9984.T ... 62件保存
  取得中: 6758.T ... 62件保存
  取得中: 7203.T ... 62件保存
  取得中: 8306.T ... 62件保存
  取得中: 4062.T ... 62件保存
  取得中: 7974.T ... 62件保存
  取得中: 5801.T ... 62件保存

【Step2/3】ルール・パターン分析中...
  JX金属（5016.T）: 売り・空売り推奨
  フジクラ（5803.T）: 売り・空売り推奨
  三菱重工業（7011.T）: 売り・空売り推奨
  ソフトバンクG（9984.T）: 売り・空売り推奨
  ソニーグループ（6758.T）: 買い推奨
  トヨタ自動車（7203.T）: 買い推奨
  三菱UFJ（8306.T）: 買い推奨
  イビデン（4062.T）: 売り・空売り推奨
  任天堂（7974.T）: 買い推奨
  古河電工（5801.T）: 売り・空売り推奨

【Step4】レポート生成中...

============================================================
  カブさん 日次レポート  2026年04月21日  15:36
============================================================

社長！本日の大引け報告です。

【買い推奨銘柄】
  ▲ ソニーグループ（6758.T）
      ルール5: 陰線（始値3370→終値3340）
  ▲ トヨタ自動車（7203.T）
      ルール5: 陰線（始値3345→終値3288）
  ▲ 三菱UFJ（8306.T）
      ルール5: 陰線（始値2880→終値2844）
  ▲ 任天堂（7974.T）
      ルール5: 陰線（始値8495→終値8411）

【売り・空売り推奨銘柄】
  ▼ JX金属（5016.T）
      ルール5: 陽線（始値4804→終値4810）
  ▼ フジクラ（5803.T）
      ルール5: 陽線（始値5577→終値5876）
  ▼ 三菱重工業（7011.T）
      ルール5: 陽線（始値4499→終値4518）
  ▼ ソフトバンクG（9984.T）
      ルール2: 始値が前日終値比+3.6%（しきい値+2.5%以上）
      ルール5: 陽線（始値4945→終値5168）
      ルール7: BB上限超え（終値5168 ≥ +2σ=4913）
      ルール8: RSI=73.9（70以上、買われ過ぎ）
  ▼ イビデン（4062.T）
      ルール5: 陽線（始値9800→終値10485）
  ▼ 古河電工（5801.T）
      ルール5: 陽線（始値43700→終値44170）

【検出パターン一覧】
  三菱重工業: 明けの明星（Morning Star）（BUY）
  ソニーグループ: 黒三兵（Three Black Crows）（SELL）

============================================================
以上、カブさんからのご報告でした。
本日もお疲れ様でございます、社長！
============================================================

レポート保存先: /Users/yonetomo/ai-secretary/kabu/reports/report_20260421_1536.txt

【Step5】Gmail送信中...
メール送信完了 → g.kamifor@gmail.com

==================================================
  カブさん起動  2026-04-22 15:35
==================================================

【Step1】データ取得中...
  取得中: 5016.T ... 62件保存
  取得中: 5803.T ... 62件保存
  取得中: 7011.T ... 62件保存
  取得中: 9984.T ... 62件保存
  取得中: 6758.T ... 62件保存
  取得中: 7203.T ... 62件保存
  取得中: 8306.T ... 62件保存
  取得中: 4062.T ... 62件保存
  取得中: 7974.T ... 62件保存
  取得中: 5801.T ... 62件保存

【Step2/3】ルール・パターン分析中...
  JX金属（5016.T）: 売り・空売り推奨
  フジクラ（5803.T）: 売り・空売り推奨
  三菱重工業（7011.T）: 判定なし
  ソフトバンクG（9984.T）: 売り・空売り推奨
  ソニーグループ（6758.T）: 売り・空売り推奨
  トヨタ自動車（7203.T）: 買い推奨
  三菱UFJ（8306.T）: 買い推奨
  イビデン（4062.T）: 売り・空売り推奨
  任天堂（7974.T）: 買い推奨
  古河電工（5801.T）: 買い推奨

【Step4】レポート生成中...

============================================================
  カブさん 日次レポート  2026年04月22日  15:35
============================================================

社長！本日の大引け報告です。

【買い推奨銘柄】
  ▲ トヨタ自動車（7203.T）
      ルール5: 陰線（始値3220→終値3203）
  ▲ 三菱UFJ（8306.T）
      ルール5: 陰線（始値2820→終値2795）
  ▲ 任天堂（7974.T）
      ルール5: 陰線（始値8400→終値8398）
  ▲ 古河電工（5801.T）
      ルール5: 陰線（始値44360→終値44230）

【売り・空売り推奨銘柄】
  ▼ JX金属（5016.T）
      ルール5: 陽線（始値4847→終値4866）
  ▼ フジクラ（5803.T）
      ルール5: 陽線（始値5833→終値5971）
  ▼ ソフトバンクG（9984.T）
      ルール5: 陽線（始値5130→終値5604）
      ルール7: BB上限超え（終値5604 ≥ +2σ=5237）
      ルール8: RSI=78.2（70以上、買われ過ぎ）
  ▼ ソニーグループ（6758.T）
      ルール5: 陽線（始値3328→終値3335）
  ▼ イビデン（4062.T）
      ルール5: 陽線（始値10500→終値11140）
      ルール7: BB上限超え（終値11140 ≥ +2σ=11026）

【検出パターン一覧】
  JX金属: 明けの明星（Morning Star）（BUY）
  三菱重工業: 明けの明星（Morning Star）（BUY）
  ソフトバンクG: 赤三兵（Three White Soldiers）（BUY）
  トヨタ自動車: 黒三兵（Three Black Crows）（SELL）
  三菱UFJ: 黒三兵（Three Black Crows）（SELL）
  イビデン: 赤三兵（Three White Soldiers）（BUY）
  任天堂: 黒三兵（Three Black Crows）（SELL）

============================================================
以上、カブさんからのご報告でした。
本日もお疲れ様でございます、社長！
============================================================

レポート保存先: /Users/yonetomo/ai-secretary/kabu/reports/report_20260422_1535.txt

【Step5】Gmail送信中...
メール送信完了 → g.kamifor@gmail.com
